Copyright 1986-2018 Xilinx, Inc. All Rights Reserved.
------------------------------------------------------------------------------------
| Tool Version : Vivado v.2018.1 (win64) Build 2188600 Wed Apr  4 18:40:38 MDT 2018
| Date         : Tue Mar 21 22:11:37 2023
| Host         : LAPTOP-1KEUI2OI running 64-bit major release  (build 9200)
| Command      : report_clock_utilization -file Top_clock_utilization_routed.rpt
| Design       : Top
| Device       : 7a100t-csg324
| Speed File   : -3  PRODUCTION 1.21 2018-02-08
------------------------------------------------------------------------------------

Clock Utilization Report

Table of Contents
-----------------
1. Clock Primitive Utilization
2. Global Clock Resources
3. Global Clock Source Details
4. Local Clock Details
5. Clock Regions: Key Resource Utilization
6. Clock Regions : Global Clock Summary
7. Device Cell Placement Summary for Global Clock g0
8. Device Cell Placement Summary for Global Clock g1
9. Device Cell Placement Summary for Global Clock g2
10. Device Cell Placement Summary for Global Clock g3
11. Device Cell Placement Summary for Global Clock g4
12. Device Cell Placement Summary for Global Clock g5
13. Device Cell Placement Summary for Global Clock g6
14. Device Cell Placement Summary for Global Clock g7
15. Device Cell Placement Summary for Global Clock g8
16. Device Cell Placement Summary for Global Clock g9
17. Device Cell Placement Summary for Global Clock g10
18. Device Cell Placement Summary for Global Clock g11
19. Clock Region Cell Placement per Global Clock: Region X0Y2
20. Clock Region Cell Placement per Global Clock: Region X1Y2
21. Clock Region Cell Placement per Global Clock: Region X0Y3
22. Clock Region Cell Placement per Global Clock: Region X1Y3

1. Clock Primitive Utilization
------------------------------

+----------+------+-----------+-----+--------------+--------+
| Type     | Used | Available | LOC | Clock Region | Pblock |
+----------+------+-----------+-----+--------------+--------+
| BUFGCTRL |   12 |        32 |   0 |            0 |      0 |
| BUFH     |    0 |        96 |   0 |            0 |      0 |
| BUFIO    |    0 |        24 |   0 |            0 |      0 |
| BUFMR    |    0 |        12 |   0 |            0 |      0 |
| BUFR     |    0 |        24 |   0 |            0 |      0 |
| MMCM     |    0 |         6 |   0 |            0 |      0 |
| PLL      |    0 |         6 |   0 |            0 |      0 |
+----------+------+-----------+-----+--------------+--------+


2. Global Clock Resources
-------------------------

+-----------+-----------+-----------------+------------+----------------+--------------+-------------------+-------------+-----------------+--------------+-------+-------------------------+--------------------------+
| Global Id | Source Id | Driver Type/Pin | Constraint | Site           | Clock Region | Load Clock Region | Clock Loads | Non-Clock Loads | Clock Period | Clock | Driver Pin              | Net                      |
+-----------+-----------+-----------------+------------+----------------+--------------+-------------------+-------------+-----------------+--------------+-------+-------------------------+--------------------------+
| g0        | src0      | BUFG/O          | None       | BUFGCTRL_X0Y0  | n/a          |                 4 |        2101 |               0 |              |       | curpc_reg[31]_i_3/O     | cpu_clk                  |
| g1        | src1      | BUFG/O          | None       | BUFGCTRL_X0Y16 | n/a          |                 1 |         102 |               0 |       10.000 | clk   | clk_IBUF_BUFG_inst/O    | clk_IBUF_BUFG            |
| g2        | src2      | BUFG/O          | None       | BUFGCTRL_X0Y9  | n/a          |                 3 |          64 |               1 |              |       | stored_pc_reg[31]_i_2/O | cpu/is_taken_IF          |
| g3        | src3      | BUFG/O          | None       | BUFGCTRL_X0Y2  | n/a          |                 0 |          64 |               0 |              |       | n_1_2111_BUFG_inst/O    | n_1_2111_BUFG            |
| g4        | src4      | BUFG/O          | None       | BUFGCTRL_X0Y3  | n/a          |                 0 |          64 |               0 |              |       | n_2_2113_BUFG_inst/O    | n_2_2113_BUFG            |
| g5        | src5      | BUFG/O          | None       | BUFGCTRL_X0Y4  | n/a          |                 0 |          64 |               0 |              |       | n_3_2110_BUFG_inst/O    | n_3_2110_BUFG            |
| g6        | src6      | BUFG/O          | None       | BUFGCTRL_X0Y5  | n/a          |                 0 |          64 |               0 |              |       | n_4_2119_BUFG_inst/O    | n_4_2119_BUFG            |
| g7        | src7      | BUFG/O          | None       | BUFGCTRL_X0Y7  | n/a          |                 0 |          64 |               0 |              |       | n_5_2040_BUFG_inst/O    | n_5_2040_BUFG            |
| g8        | src8      | BUFG/O          | None       | BUFGCTRL_X0Y8  | n/a          |                 0 |          64 |               0 |              |       | n_6_2109_BUFG_inst/O    | n_6_2109_BUFG            |
| g9        | src9      | BUFG/O          | None       | BUFGCTRL_X0Y6  | n/a          |                 0 |          64 |               0 |              |       | n_7_2114_BUFG_inst/O    | n_7_2114_BUFG            |
| g10       | src10     | BUFG/O          | None       | BUFGCTRL_X0Y1  | n/a          |                 4 |           6 |             292 |              |       | n_0_4146_BUFG_inst/O    | n_0_4146_BUFG            |
| g11       | src11     | BUFG/O          | None       | BUFGCTRL_X0Y10 | n/a          |                 1 |           1 |               0 |              |       | real_taken_reg_i_2/O    | cpu/branch_prediction_we |
+-----------+-----------+-----------------+------------+----------------+--------------+-------------------+-------------+-----------------+--------------+-------+-------------------------+--------------------------+
* Clock Loads column represents the clock pin loads (pin count)
** Non-Clock Loads column represents the non-clock pin loads (pin count)


3. Global Clock Source Details
------------------------------

+-----------+-----------+-----------------+------------+---------------+--------------+-------------+-----------------+---------------------+--------------+------------------------------------------------------+-----------------------------------------------------------+
| Source Id | Global Id | Driver Type/Pin | Constraint | Site          | Clock Region | Clock Loads | Non-Clock Loads | Source Clock Period | Source Clock | Driver Pin                                           | Net                                                       |
+-----------+-----------+-----------------+------------+---------------+--------------+-------------+-----------------+---------------------+--------------+------------------------------------------------------+-----------------------------------------------------------+
| src0      | g0        | LUT4/O          | None       | SLICE_X52Y96  | X1Y1         |           1 |               0 |                     |              | io_manager_inst/curpc[31]_i_9/O                      | io_manager_inst/register_reg[31][31]                      |
| src1      | g1        | IBUF/O          | IOB_X1Y126 | IOB_X1Y126    | X1Y2         |           1 |               0 |              10.000 | clk          | clk_IBUF_inst/O                                      | clk_IBUF                                                  |
| src2      | g2        | LUT6/O          | None       | SLICE_X52Y98  | X1Y1         |           1 |             151 |                     |              | chip_inst/cpu/branch_prediction_unit/curpc[31]_i_7/O | chip_inst/cpu/branch_prediction_unit/curpc_reg[0]_rep__16 |
| src3      | g3        | LUT4/O          | None       | SLICE_X52Y96  | X1Y1         |           1 |               0 |                     |              | io_manager_inst/n_1_2111_BUFG_inst_i_1/O             | io_manager_inst/n_1_2111_BUFG_inst_n_2                    |
| src4      | g4        | LUT4/O          | None       | SLICE_X52Y97  | X1Y1         |           1 |               0 |                     |              | io_manager_inst/n_2_2113_BUFG_inst_i_1/O             | io_manager_inst/n_2_2113_BUFG_inst_n_3                    |
| src5      | g5        | LUT4/O          | None       | SLICE_X52Y96  | X1Y1         |           1 |               0 |                     |              | io_manager_inst/n_3_2110_BUFG_inst_i_1/O             | io_manager_inst/n_3_2110_BUFG_inst_n_4                    |
| src6      | g6        | LUT4/O          | None       | SLICE_X52Y96  | X1Y1         |           1 |               0 |                     |              | io_manager_inst/n_4_2119_BUFG_inst_i_1/O             | io_manager_inst/n_4_2119_BUFG_inst_n_5                    |
| src7      | g7        | LUT4/O          | None       | SLICE_X52Y96  | X1Y1         |           1 |               0 |                     |              | io_manager_inst/n_5_2040_BUFG_inst_i_1/O             | io_manager_inst/n_5_2040_BUFG_inst_n_6                    |
| src8      | g8        | LUT4/O          | None       | SLICE_X52Y97  | X1Y1         |           1 |               0 |                     |              | io_manager_inst/n_6_2109_BUFG_inst_i_1/O             | io_manager_inst/n_6_2109_BUFG_inst_n_7                    |
| src9      | g9        | LUT4/O          | None       | SLICE_X52Y97  | X1Y1         |           1 |               0 |                     |              | io_manager_inst/n_7_2114_BUFG_inst_i_1/O             | io_manager_inst/n_7_2114_BUFG_inst_n_8                    |
| src10     | g10       | LUT5/O          | None       | SLICE_X52Y98  | X1Y1         |           1 |               3 |                     |              | chip_inst/cpu/ID_EX_reg/n_0_4146_BUFG_inst_i_1/O     | chip_inst/cpu/ID_EX_reg/imm_ID_EX_reg[20]_0               |
| src11     | g11       | FDRE/Q          | None       | SLICE_X45Y175 | X0Y3         |           1 |             103 |                     |              | chip_inst/cpu/ID_EX_reg/branch_ID_EX_reg/Q           | chip_inst/cpu/ID_EX_reg/mem_write_ID_EX_reg_0             |
+-----------+-----------+-----------------+------------+---------------+--------------+-------------+-----------------+---------------------+--------------+------------------------------------------------------+-----------------------------------------------------------+
* Clock Loads column represents the clock pin loads (pin count)
** Non-Clock Loads column represents the non-clock pin loads (pin count)


4. Local Clock Details
----------------------

+----------+-----------------+------------+------------------+--------------+-------------+-----------------+--------------+-------+-----------------------------+-----------------------------+
| Local Id | Driver Type/Pin | Constraint | Site/BEL         | Clock Region | Clock Loads | Non-Clock Loads | Clock Period | Clock | Driver Pin                  | Net                         |
+----------+-----------------+------------+------------------+--------------+-------------+-----------------+--------------+-------+-----------------------------+-----------------------------||
| 0        | FDRE/Q          | None       | SLICE_X0Y119/CFF | X0Y2         |          11 |               3 |              |       | chip_inst/clk_div_reg[10]/Q | chip_inst/num_csn_reg[6][1] - Static -
| 1        | FDRE/Q          | None       | SLICE_X0Y117/AFF | X0Y2         |           4 |              16 |              |       | chip_inst/clk_div_reg[0]/Q  | chip_inst/num_csn_reg[6][0] - Static -
+----------+-----------------+------------+------------------+--------------+-------------+-----------------+--------------+-------+-----------------------------+-----------------------------||
* Local Clocks in this context represents only clocks driven by non-global buffers
** Clock Loads column represents the clock pin loads (pin count)
*** Non-Clock Loads column represents the non-clock pin loads (pin count)


5. Clock Regions: Key Resource Utilization
------------------------------------------

+-------------------+--------------+--------------+--------------+--------------+--------------+--------------+--------------+--------------+--------------+--------------+--------------+--------------+--------------+--------------+--------------+
|                   | Global Clock |     BUFRs    |    BUFMRs    |    BUFIOs    |     MMCM     |      PLL     |      GT      |      PCI     |    ILOGIC    |    OLOGIC    |      FF      |     LUTM     |    RAMB18    |    RAMB36    |    DSP48E2   |
+-------------------+------+-------+------+-------+------+-------+------+-------+------+-------+------+-------+------+-------+------+-------+------+-------+------+-------+------+-------+------+-------+------+-------+------+-------+------+-------+
| Clock Region Name | Used | Avail | Used | Avail | Used | Avail | Used | Avail | Used | Avail | Used | Avail | Used | Avail | Used | Avail | Used | Avail | Used | Avail | Used | Avail | Used | Avail | Used | Avail | Used | Avail | Used | Avail |
+-------------------+------+-------+------+-------+------+-------+------+-------+------+-------+------+-------+------+-------+------+-------+------+-------+------+-------+------+-------+------+-------+------+-------+------+-------+------+-------+
| X0Y0              |    0 |    12 |    0 |     4 |    0 |     2 |    0 |     4 |    0 |     1 |    0 |     1 |    0 |     0 |    0 |     0 |    0 |    50 |    0 |    50 |    0 |  2600 |    0 |   600 |    0 |    20 |    0 |    10 |    0 |    20 |
| X1Y0              |    0 |    12 |    0 |     0 |    0 |     0 |    0 |     0 |    0 |     0 |    0 |     0 |    0 |     4 |    0 |     0 |    0 |     0 |    0 |     0 |    0 |  1500 |    0 |   550 |    0 |    40 |    0 |    20 |    0 |    40 |
| X0Y1              |    0 |    12 |    0 |     4 |    0 |     2 |    0 |     4 |    0 |     1 |    0 |     1 |    0 |     0 |    0 |     0 |    0 |    50 |    0 |    50 |    0 |  2000 |    0 |   600 |    0 |    20 |    0 |    10 |    0 |    20 |
| X1Y1              |    0 |    12 |    0 |     4 |    0 |     2 |    0 |     4 |    0 |     1 |    0 |     1 |    0 |     0 |    0 |     0 |    0 |    50 |    0 |    50 |    0 |  1900 |    0 |   650 |    0 |    60 |    0 |    30 |    0 |    40 |
| X0Y2              |    5 |    12 |    0 |     4 |    0 |     2 |    0 |     4 |    0 |     1 |    0 |     1 |    0 |     0 |    0 |     0 |    0 |    50 |    0 |    50 |  202 |  2000 |    2 |   600 |    0 |    20 |    0 |    10 |    0 |    20 |
| X1Y2              |    3 |    12 |    0 |     4 |    0 |     2 |    0 |     4 |    0 |     1 |    0 |     1 |    0 |     0 |    0 |     0 |    0 |    50 |    0 |    50 |   22 |  1900 |    7 |   650 |    0 |    60 |    0 |    30 |    0 |    40 |
| X0Y3              |    3 |    12 |    0 |     4 |    0 |     2 |    0 |     4 |    0 |     1 |    0 |     1 |    0 |     0 |    0 |     0 |    0 |    50 |    0 |    50 | 1976 |  2600 |  321 |   600 |    0 |    20 |    2 |    10 |    0 |    20 |
| X1Y3              |    2 |    12 |    0 |     0 |    0 |     0 |    0 |     0 |    0 |     0 |    0 |     0 |    0 |     4 |    0 |     1 |    0 |     0 |    0 |     0 |   14 |  1350 |    9 |   500 |    0 |    30 |    0 |    15 |    0 |    40 |
+-------------------+------+-------+------+-------+------+-------+------+-------+------+-------+------+-------+------+-------+------+-------+------+-------+------+-------+------+-------+------+-------+------+-------+------+-------+------+-------+
* Global Clock column represents track count; while other columns represents cell counts


6. Clock Regions : Global Clock Summary
---------------------------------------

All Modules
+----+----+----+
|    | X0 | X1 |
+----+----+----+
| Y3 |  3 |  2 |
| Y2 |  5 |  3 |
| Y1 |  0 |  0 |
| Y0 |  0 |  0 |
+----+----+----+


7. Device Cell Placement Summary for Global Clock g0
----------------------------------------------------

+-----------+-----------------+-------------------+-------+-------------+---------------+-------------+----------+----------------+----------+---------+
| Global Id | Driver Type/Pin | Driver Region (D) | Clock | Period (ns) | Waveform (ns) | Slice Loads | IO Loads | Clocking Loads | GT Loads | Net     |
+-----------+-----------------+-------------------+-------+-------------+---------------+-------------+----------+----------------+----------+---------+
| g0        | BUFG/O          | n/a               |       |             |               |        2101 |        0 |              0 |        0 | cpu_clk |
+-----------+-----------------+-------------------+-------+-------------+---------------+-------------+----------+----------------+----------+---------+
* Logic Loads column represents load cell count of all cell types other than IO, GT and clock resources
** IO Loads column represents load cell count of IO types
*** Clocking Loads column represents load cell count that are clock resources (global clock buffer, MMCM, PLL, etc)
**** GT Loads column represents load cell count of GT types


+----+-------+-----+
|    | X0    | X1  |
+----+-------+-----+
| Y3 |  1967 |  14 |
| Y2 |    98 |  22 |
| Y1 |     0 |   0 |
| Y0 |     0 |   0 |
+----+-------+-----+


8. Device Cell Placement Summary for Global Clock g1
----------------------------------------------------

+-----------+-----------------+-------------------+-------+-------------+---------------+-------------+----------+----------------+----------+---------------+
| Global Id | Driver Type/Pin | Driver Region (D) | Clock | Period (ns) | Waveform (ns) | Slice Loads | IO Loads | Clocking Loads | GT Loads | Net           |
+-----------+-----------------+-------------------+-------+-------------+---------------+-------------+----------+----------------+----------+---------------+
| g1        | BUFG/O          | n/a               | clk   |      10.000 | {0.000 5.000} |         102 |        0 |              0 |        0 | clk_IBUF_BUFG |
+-----------+-----------------+-------------------+-------+-------------+---------------+-------------+----------+----------------+----------+---------------+
* Logic Loads column represents load cell count of all cell types other than IO, GT and clock resources
** IO Loads column represents load cell count of IO types
*** Clocking Loads column represents load cell count that are clock resources (global clock buffer, MMCM, PLL, etc)
**** GT Loads column represents load cell count of GT types


+----+------+----+
|    | X0   | X1 |
+----+------+----+
| Y3 |    0 |  0 |
| Y2 |  102 |  0 |
| Y1 |    0 |  0 |
| Y0 |    0 |  0 |
+----+------+----+


9. Device Cell Placement Summary for Global Clock g2
----------------------------------------------------

+-----------+-----------------+-------------------+-------+-------------+---------------+-------------+----------+----------------+----------+-----------------+
| Global Id | Driver Type/Pin | Driver Region (D) | Clock | Period (ns) | Waveform (ns) | Slice Loads | IO Loads | Clocking Loads | GT Loads | Net             |
+-----------+-----------------+-------------------+-------+-------------+---------------+-------------+----------+----------------+----------+-----------------+
| g2        | BUFG/O          | n/a               |       |             |               |          65 |        0 |              0 |        0 | cpu/is_taken_IF |
+-----------+-----------------+-------------------+-------+-------------+---------------+-------------+----------+----------------+----------+-----------------+
* Logic Loads column represents load cell count of all cell types other than IO, GT and clock resources
** IO Loads column represents load cell count of IO types
*** Clocking Loads column represents load cell count that are clock resources (global clock buffer, MMCM, PLL, etc)
**** GT Loads column represents load cell count of GT types


+----+-----+----+
|    | X0  | X1 |
+----+-----+----+
| Y3 |  58 |  0 |
| Y2 |   6 |  1 |
| Y1 |   0 |  0 |
| Y0 |   0 |  0 |
+----+-----+----+


10. Device Cell Placement Summary for Global Clock g3
-----------------------------------------------------

+-----------+-----------------+-------------------+-------+-------------+---------------+-------------+----------+----------------+----------+---------------+
| Global Id | Driver Type/Pin | Driver Region (D) | Clock | Period (ns) | Waveform (ns) | Slice Loads | IO Loads | Clocking Loads | GT Loads | Net           |
+-----------+-----------------+-------------------+-------+-------------+---------------+-------------+----------+----------------+----------+---------------+
| g3        | BUFG/O          | n/a               |       |             |               |           0 |        0 |              0 |        0 | n_1_2111_BUFG |
+-----------+-----------------+-------------------+-------+-------------+---------------+-------------+----------+----------------+----------+---------------+
* Logic Loads column represents load cell count of all cell types other than IO, GT and clock resources
** IO Loads column represents load cell count of IO types
*** Clocking Loads column represents load cell count that are clock resources (global clock buffer, MMCM, PLL, etc)
**** GT Loads column represents load cell count of GT types


+----+----+----+
|    | X0 | X1 |
+----+----+----+
| Y3 |  0 |  0 |
| Y2 |  0 |  0 |
| Y1 |  0 |  0 |
| Y0 |  0 |  0 |
+----+----+----+


11. Device Cell Placement Summary for Global Clock g4
-----------------------------------------------------

+-----------+-----------------+-------------------+-------+-------------+---------------+-------------+----------+----------------+----------+---------------+
| Global Id | Driver Type/Pin | Driver Region (D) | Clock | Period (ns) | Waveform (ns) | Slice Loads | IO Loads | Clocking Loads | GT Loads | Net           |
+-----------+-----------------+-------------------+-------+-------------+---------------+-------------+----------+----------------+----------+---------------+
| g4        | BUFG/O          | n/a               |       |             |               |           0 |        0 |              0 |        0 | n_2_2113_BUFG |
+-----------+-----------------+-------------------+-------+-------------+---------------+-------------+----------+----------------+----------+---------------+
* Logic Loads column represents load cell count of all cell types other than IO, GT and clock resources
** IO Loads column represents load cell count of IO types
*** Clocking Loads column represents load cell count that are clock resources (global clock buffer, MMCM, PLL, etc)
**** GT Loads column represents load cell count of GT types


+----+----+----+
|    | X0 | X1 |
+----+----+----+
| Y3 |  0 |  0 |
| Y2 |  0 |  0 |
| Y1 |  0 |  0 |
| Y0 |  0 |  0 |
+----+----+----+


12. Device Cell Placement Summary for Global Clock g5
-----------------------------------------------------

+-----------+-----------------+-------------------+-------+-------------+---------------+-------------+----------+----------------+----------+---------------+
| Global Id | Driver Type/Pin | Driver Region (D) | Clock | Period (ns) | Waveform (ns) | Slice Loads | IO Loads | Clocking Loads | GT Loads | Net           |
+-----------+-----------------+-------------------+-------+-------------+---------------+-------------+----------+----------------+----------+---------------+
| g5        | BUFG/O          | n/a               |       |             |               |           0 |        0 |              0 |        0 | n_3_2110_BUFG |
+-----------+-----------------+-------------------+-------+-------------+---------------+-------------+----------+----------------+----------+---------------+
* Logic Loads column represents load cell count of all cell types other than IO, GT and clock resources
** IO Loads column represents load cell count of IO types
*** Clocking Loads column represents load cell count that are clock resources (global clock buffer, MMCM, PLL, etc)
**** GT Loads column represents load cell count of GT types


+----+----+----+
|    | X0 | X1 |
+----+----+----+
| Y3 |  0 |  0 |
| Y2 |  0 |  0 |
| Y1 |  0 |  0 |
| Y0 |  0 |  0 |
+----+----+----+


13. Device Cell Placement Summary for Global Clock g6
-----------------------------------------------------

+-----------+-----------------+-------------------+-------+-------------+---------------+-------------+----------+----------------+----------+---------------+
| Global Id | Driver Type/Pin | Driver Region (D) | Clock | Period (ns) | Waveform (ns) | Slice Loads | IO Loads | Clocking Loads | GT Loads | Net           |
+-----------+-----------------+-------------------+-------+-------------+---------------+-------------+----------+----------------+----------+---------------+
| g6        | BUFG/O          | n/a               |       |             |               |           0 |        0 |              0 |        0 | n_4_2119_BUFG |
+-----------+-----------------+-------------------+-------+-------------+---------------+-------------+----------+----------------+----------+---------------+
* Logic Loads column represents load cell count of all cell types other than IO, GT and clock resources
** IO Loads column represents load cell count of IO types
*** Clocking Loads column represents load cell count that are clock resources (global clock buffer, MMCM, PLL, etc)
**** GT Loads column represents load cell count of GT types


+----+----+----+
|    | X0 | X1 |
+----+----+----+
| Y3 |  0 |  0 |
| Y2 |  0 |  0 |
| Y1 |  0 |  0 |
| Y0 |  0 |  0 |
+----+----+----+


14. Device Cell Placement Summary for Global Clock g7
-----------------------------------------------------

+-----------+-----------------+-------------------+-------+-------------+---------------+-------------+----------+----------------+----------+---------------+
| Global Id | Driver Type/Pin | Driver Region (D) | Clock | Period (ns) | Waveform (ns) | Slice Loads | IO Loads | Clocking Loads | GT Loads | Net           |
+-----------+-----------------+-------------------+-------+-------------+---------------+-------------+----------+----------------+----------+---------------+
| g7        | BUFG/O          | n/a               |       |             |               |           0 |        0 |              0 |        0 | n_5_2040_BUFG |
+-----------+-----------------+-------------------+-------+-------------+---------------+-------------+----------+----------------+----------+---------------+
* Logic Loads column represents load cell count of all cell types other than IO, GT and clock resources
** IO Loads column represents load cell count of IO types
*** Clocking Loads column represents load cell count that are clock resources (global clock buffer, MMCM, PLL, etc)
**** GT Loads column represents load cell count of GT types


+----+----+----+
|    | X0 | X1 |
+----+----+----+
| Y3 |  0 |  0 |
| Y2 |  0 |  0 |
| Y1 |  0 |  0 |
| Y0 |  0 |  0 |
+----+----+----+


15. Device Cell Placement Summary for Global Clock g8
-----------------------------------------------------

+-----------+-----------------+-------------------+-------+-------------+---------------+-------------+----------+----------------+----------+---------------+
| Global Id | Driver Type/Pin | Driver Region (D) | Clock | Period (ns) | Waveform (ns) | Slice Loads | IO Loads | Clocking Loads | GT Loads | Net           |
+-----------+-----------------+-------------------+-------+-------------+---------------+-------------+----------+----------------+----------+---------------+
| g8        | BUFG/O          | n/a               |       |             |               |           0 |        0 |              0 |        0 | n_6_2109_BUFG |
+-----------+-----------------+-------------------+-------+-------------+---------------+-------------+----------+----------------+----------+---------------+
* Logic Loads column represents load cell count of all cell types other than IO, GT and clock resources
** IO Loads column represents load cell count of IO types
*** Clocking Loads column represents load cell count that are clock resources (global clock buffer, MMCM, PLL, etc)
**** GT Loads column represents load cell count of GT types


+----+----+----+
|    | X0 | X1 |
+----+----+----+
| Y3 |  0 |  0 |
| Y2 |  0 |  0 |
| Y1 |  0 |  0 |
| Y0 |  0 |  0 |
+----+----+----+


16. Device Cell Placement Summary for Global Clock g9
-----------------------------------------------------

+-----------+-----------------+-------------------+-------+-------------+---------------+-------------+----------+----------------+----------+---------------+
| Global Id | Driver Type/Pin | Driver Region (D) | Clock | Period (ns) | Waveform (ns) | Slice Loads | IO Loads | Clocking Loads | GT Loads | Net           |
+-----------+-----------------+-------------------+-------+-------------+---------------+-------------+----------+----------------+----------+---------------+
| g9        | BUFG/O          | n/a               |       |             |               |           0 |        0 |              0 |        0 | n_7_2114_BUFG |
+-----------+-----------------+-------------------+-------+-------------+---------------+-------------+----------+----------------+----------+---------------+
* Logic Loads column represents load cell count of all cell types other than IO, GT and clock resources
** IO Loads column represents load cell count of IO types
*** Clocking Loads column represents load cell count that are clock resources (global clock buffer, MMCM, PLL, etc)
**** GT Loads column represents load cell count of GT types


+----+----+----+
|    | X0 | X1 |
+----+----+----+
| Y3 |  0 |  0 |
| Y2 |  0 |  0 |
| Y1 |  0 |  0 |
| Y0 |  0 |  0 |
+----+----+----+


17. Device Cell Placement Summary for Global Clock g10
------------------------------------------------------

+-----------+-----------------+-------------------+-------+-------------+---------------+-------------+----------+----------------+----------+---------------+
| Global Id | Driver Type/Pin | Driver Region (D) | Clock | Period (ns) | Waveform (ns) | Slice Loads | IO Loads | Clocking Loads | GT Loads | Net           |
+-----------+-----------------+-------------------+-------+-------------+---------------+-------------+----------+----------------+----------+---------------+
| g10       | BUFG/O          | n/a               |       |             |               |         298 |        0 |              0 |        0 | n_0_4146_BUFG |
+-----------+-----------------+-------------------+-------+-------------+---------------+-------------+----------+----------------+----------+---------------+
* Logic Loads column represents load cell count of all cell types other than IO, GT and clock resources
** IO Loads column represents load cell count of IO types
*** Clocking Loads column represents load cell count that are clock resources (global clock buffer, MMCM, PLL, etc)
**** GT Loads column represents load cell count of GT types


+----+------+----+
|    | X0   | X1 |
+----+------+----+
| Y3 |  229 |  3 |
| Y2 |   57 |  9 |
| Y1 |    0 |  0 |
| Y0 |    0 |  0 |
+----+------+----+


18. Device Cell Placement Summary for Global Clock g11
------------------------------------------------------

+-----------+-----------------+-------------------+-------+-------------+---------------+-------------+----------+----------------+----------+--------------------------+
| Global Id | Driver Type/Pin | Driver Region (D) | Clock | Period (ns) | Waveform (ns) | Slice Loads | IO Loads | Clocking Loads | GT Loads | Net                      |
+-----------+-----------------+-------------------+-------+-------------+---------------+-------------+----------+----------------+----------+--------------------------+
| g11       | BUFG/O          | n/a               |       |             |               |           1 |        0 |              0 |        0 | cpu/branch_prediction_we |
+-----------+-----------------+-------------------+-------+-------------+---------------+-------------+----------+----------------+----------+--------------------------+
* Logic Loads column represents load cell count of all cell types other than IO, GT and clock resources
** IO Loads column represents load cell count of IO types
*** Clocking Loads column represents load cell count that are clock resources (global clock buffer, MMCM, PLL, etc)
**** GT Loads column represents load cell count of GT types


+----+----+----+
|    | X0 | X1 |
+----+----+----+
| Y3 |  0 |  0 |
| Y2 |  1 |  0 |
| Y1 |  0 |  0 |
| Y0 |  0 |  0 |
+----+----+----+


19. Clock Region Cell Placement per Global Clock: Region X0Y2
-------------------------------------------------------------

+-----------+-------+-----------------+------------+-------------+-----------------+-----+--------+------+-----+----+------+-----+---------+--------------------------+
| Global Id | Track | Driver Type/Pin | Constraint | Clock Loads | Non-Clock Loads | FF  | LUTRAM | RAMB | DSP | GT | MMCM | PLL | Hard IP | Net                      |
+-----------+-------+-----------------+------------+-------------+-----------------+-----+--------+------+-----+----+------+-----+---------+--------------------------+
| g0        | n/a   | BUFG/O          | None       |          98 |               0 |  98 |      0 |    0 |   0 |  0 |    0 |   0 |       0 | cpu_clk                  |
| g1        | n/a   | BUFG/O          | None       |         102 |               0 | 102 |      0 |    0 |   0 |  0 |    0 |   0 |       0 | clk_IBUF_BUFG            |
| g2        | n/a   | BUFG/O          | None       |           6 |               0 |   0 |      0 |    0 |   0 |  0 |    0 |   0 |       0 | cpu/is_taken_IF          |
| g10       | n/a   | BUFG/O          | None       |           0 |              57 |  57 |      0 |    0 |   0 |  0 |    0 |   0 |       0 | n_0_4146_BUFG            |
| g11       | n/a   | BUFG/O          | None       |           1 |               0 |   0 |      0 |    0 |   0 |  0 |    0 |   0 |       0 | cpu/branch_prediction_we |
+-----------+-------+-----------------+------------+-------------+-----------------+-----+--------+------+-----+----+------+-----+---------+--------------------------+
* Clock Loads column represents the clock pin loads (pin count)
** Non-Clock Loads column represents the non-clock pin loads (pin count)
*** Columns FF, LUTRAM, RAMB through 'Hard IP' represents load cell counts


20. Clock Region Cell Placement per Global Clock: Region X1Y2
-------------------------------------------------------------

+-----------+-------+-----------------+------------+-------------+-----------------+----+--------+------+-----+----+------+-----+---------+-----------------+
| Global Id | Track | Driver Type/Pin | Constraint | Clock Loads | Non-Clock Loads | FF | LUTRAM | RAMB | DSP | GT | MMCM | PLL | Hard IP | Net             |
+-----------+-------+-----------------+------------+-------------+-----------------+----+--------+------+-----+----+------+-----+---------+-----------------+
| g0        | n/a   | BUFG/O          | None       |          22 |               0 | 22 |      0 |    0 |   0 |  0 |    0 |   0 |       0 | cpu_clk         |
| g2        | n/a   | BUFG/O          | None       |           1 |               0 |  0 |      0 |    0 |   0 |  0 |    0 |   0 |       0 | cpu/is_taken_IF |
| g10       | n/a   | BUFG/O          | None       |           0 |               9 |  9 |      0 |    0 |   0 |  0 |    0 |   0 |       0 | n_0_4146_BUFG   |
+-----------+-------+-----------------+------------+-------------+-----------------+----+--------+------+-----+----+------+-----+---------+-----------------+
* Clock Loads column represents the clock pin loads (pin count)
** Non-Clock Loads column represents the non-clock pin loads (pin count)
*** Columns FF, LUTRAM, RAMB through 'Hard IP' represents load cell counts


21. Clock Region Cell Placement per Global Clock: Region X0Y3
-------------------------------------------------------------

+-----------+-------+-----------------+------------+-------------+-----------------+------+--------+------+-----+----+------+-----+---------+-----------------+
| Global Id | Track | Driver Type/Pin | Constraint | Clock Loads | Non-Clock Loads | FF   | LUTRAM | RAMB | DSP | GT | MMCM | PLL | Hard IP | Net             |
+-----------+-------+-----------------+------------+-------------+-----------------+------+--------+------+-----+----+------+-----+---------+-----------------+
| g0        | n/a   | BUFG/O          | None       |        1967 |               0 | 1967 |      0 |    0 |   0 |  0 |    0 |   0 |       0 | cpu_clk         |
| g2        | n/a   | BUFG/O          | None       |          57 |               1 |    1 |      0 |    0 |   0 |  0 |    0 |   0 |       0 | cpu/is_taken_IF |
| g10       | n/a   | BUFG/O          | None       |           6 |             223 |  223 |      0 |    0 |   0 |  0 |    0 |   0 |       0 | n_0_4146_BUFG   |
+-----------+-------+-----------------+------------+-------------+-----------------+------+--------+------+-----+----+------+-----+---------+-----------------+
* Clock Loads column represents the clock pin loads (pin count)
** Non-Clock Loads column represents the non-clock pin loads (pin count)
*** Columns FF, LUTRAM, RAMB through 'Hard IP' represents load cell counts


22. Clock Region Cell Placement per Global Clock: Region X1Y3
-------------------------------------------------------------

+-----------+-------+-----------------+------------+-------------+-----------------+----+--------+------+-----+----+------+-----+---------+---------------+
| Global Id | Track | Driver Type/Pin | Constraint | Clock Loads | Non-Clock Loads | FF | LUTRAM | RAMB | DSP | GT | MMCM | PLL | Hard IP | Net           |
+-----------+-------+-----------------+------------+-------------+-----------------+----+--------+------+-----+----+------+-----+---------+---------------+
| g0        | n/a   | BUFG/O          | None       |          14 |               0 | 14 |      0 |    0 |   0 |  0 |    0 |   0 |       0 | cpu_clk       |
| g10       | n/a   | BUFG/O          | None       |           0 |               3 |  3 |      0 |    0 |   0 |  0 |    0 |   0 |       0 | n_0_4146_BUFG |
+-----------+-------+-----------------+------------+-------------+-----------------+----+--------+------+-----+----+------+-----+---------+---------------+
* Clock Loads column represents the clock pin loads (pin count)
** Non-Clock Loads column represents the non-clock pin loads (pin count)
*** Columns FF, LUTRAM, RAMB through 'Hard IP' represents load cell counts



# Location of BUFG Primitives 
set_property LOC BUFGCTRL_X0Y6 [get_cells n_7_2114_BUFG_inst]
set_property LOC BUFGCTRL_X0Y8 [get_cells n_6_2109_BUFG_inst]
set_property LOC BUFGCTRL_X0Y7 [get_cells n_5_2040_BUFG_inst]
set_property LOC BUFGCTRL_X0Y5 [get_cells n_4_2119_BUFG_inst]
set_property LOC BUFGCTRL_X0Y4 [get_cells n_3_2110_BUFG_inst]
set_property LOC BUFGCTRL_X0Y3 [get_cells n_2_2113_BUFG_inst]
set_property LOC BUFGCTRL_X0Y2 [get_cells n_1_2111_BUFG_inst]
set_property LOC BUFGCTRL_X0Y1 [get_cells n_0_4146_BUFG_inst]
set_property LOC BUFGCTRL_X0Y0 [get_cells curpc_reg[31]_i_3]
set_property LOC BUFGCTRL_X0Y9 [get_cells stored_pc_reg[31]_i_2]
set_property LOC BUFGCTRL_X0Y10 [get_cells real_taken_reg_i_2]
set_property LOC BUFGCTRL_X0Y16 [get_cells clk_IBUF_BUFG_inst]

# Location of IO Primitives which is load of clock spine

# Location of clock ports
set_property LOC IOB_X1Y126 [get_ports clk]

# Clock net "n_0_4146_BUFG" driven by instance "n_0_4146_BUFG_inst" located at site "BUFGCTRL_X0Y1"
#startgroup
create_pblock {CLKAG_n_0_4146_BUFG}
add_cells_to_pblock [get_pblocks  {CLKAG_n_0_4146_BUFG}] [get_cells -filter { PRIMITIVE_GROUP != I/O && IS_PRIMITIVE==1 && PRIMITIVE_LEVEL !=INTERNAL } -of_object [get_pins -filter {DIRECTION==IN} -of_objects [get_nets -hierarchical -filter {PARENT=="n_0_4146_BUFG"}]]]
resize_pblock [get_pblocks {CLKAG_n_0_4146_BUFG}] -add {CLOCKREGION_X0Y2:CLOCKREGION_X0Y2 CLOCKREGION_X0Y3:CLOCKREGION_X0Y3 CLOCKREGION_X1Y2:CLOCKREGION_X1Y2 CLOCKREGION_X1Y3:CLOCKREGION_X1Y3}
#endgroup

# Clock net "cpu_clk" driven by instance "curpc_reg[31]_i_3" located at site "BUFGCTRL_X0Y0"
#startgroup
create_pblock {CLKAG_cpu_clk}
add_cells_to_pblock [get_pblocks  {CLKAG_cpu_clk}] [get_cells -filter { PRIMITIVE_GROUP != I/O && IS_PRIMITIVE==1 && PRIMITIVE_LEVEL !=INTERNAL } -of_object [get_pins -filter {DIRECTION==IN} -of_objects [get_nets -hierarchical -filter {PARENT=="cpu_clk"}]]]
resize_pblock [get_pblocks {CLKAG_cpu_clk}] -add {CLOCKREGION_X0Y2:CLOCKREGION_X0Y2 CLOCKREGION_X0Y3:CLOCKREGION_X0Y3 CLOCKREGION_X1Y2:CLOCKREGION_X1Y2 CLOCKREGION_X1Y3:CLOCKREGION_X1Y3}
#endgroup

# Clock net "cpu/is_taken_IF" driven by instance "stored_pc_reg[31]_i_2" located at site "BUFGCTRL_X0Y9"
#startgroup
create_pblock {CLKAG_cpu/is_taken_IF}
add_cells_to_pblock [get_pblocks  {CLKAG_cpu/is_taken_IF}] [get_cells -filter { PRIMITIVE_GROUP != I/O && IS_PRIMITIVE==1 && PRIMITIVE_LEVEL !=INTERNAL } -of_object [get_pins -filter {DIRECTION==IN} -of_objects [get_nets -hierarchical -filter {PARENT=="cpu/is_taken_IF"}]]]
resize_pblock [get_pblocks {CLKAG_cpu/is_taken_IF}] -add {CLOCKREGION_X0Y2:CLOCKREGION_X0Y2 CLOCKREGION_X0Y3:CLOCKREGION_X0Y3 CLOCKREGION_X1Y2:CLOCKREGION_X1Y2}
#endgroup

# Clock net "cpu/branch_prediction_we" driven by instance "real_taken_reg_i_2" located at site "BUFGCTRL_X0Y10"
#startgroup
create_pblock {CLKAG_cpu/branch_prediction_we}
add_cells_to_pblock [get_pblocks  {CLKAG_cpu/branch_prediction_we}] [get_cells -filter { PRIMITIVE_GROUP != I/O && IS_PRIMITIVE==1 && PRIMITIVE_LEVEL !=INTERNAL } -of_object [get_pins -filter {DIRECTION==IN} -of_objects [get_nets -hierarchical -filter {PARENT=="cpu/branch_prediction_we"}]]]
resize_pblock [get_pblocks {CLKAG_cpu/branch_prediction_we}] -add {CLOCKREGION_X0Y2:CLOCKREGION_X0Y2}
#endgroup

# Clock net "clk_IBUF_BUFG" driven by instance "clk_IBUF_BUFG_inst" located at site "BUFGCTRL_X0Y16"
#startgroup
create_pblock {CLKAG_clk_IBUF_BUFG}
add_cells_to_pblock [get_pblocks  {CLKAG_clk_IBUF_BUFG}] [get_cells -filter { PRIMITIVE_GROUP != I/O && IS_PRIMITIVE==1 && PRIMITIVE_LEVEL !=INTERNAL } -of_object [get_pins -filter {DIRECTION==IN} -of_objects [get_nets -hierarchical -filter {PARENT=="clk_IBUF_BUFG"}]]]
resize_pblock [get_pblocks {CLKAG_clk_IBUF_BUFG}] -add {CLOCKREGION_X0Y2:CLOCKREGION_X0Y2}
#endgroup
