
*** Running vivado
    with args -log Rom.vds -m64 -product Vivado -mode batch -messageDb vivado.pb -notrace -source Rom.tcl


****** Vivado v2018.1 (64-bit)
  **** SW Build 2188600 on Wed Apr  4 18:40:38 MDT 2018
  **** IP Build 2185939 on Wed Apr  4 20:55:05 MDT 2018
    ** Copyright 1986-2018 Xilinx, Inc. All Rights Reserved.

source Rom.tcl -notrace
Command: synth_design -top Rom -part xc7a100tcsg324-3 -mode out_of_context
Starting synth_design
Attempting to get a license for feature 'Synthesis' and/or device 'xc7a100t'
INFO: [Common 17-349] Got license for feature 'Synthesis' and/or device 'xc7a100t'
INFO: Launching helper process for spawning children vivado processes
INFO: Helper process launched with PID 29788 
---------------------------------------------------------------------------------
Starting RTL Elaboration : Time (s): cpu = 00:00:05 ; elapsed = 00:00:06 . Memory (MB): peak = 445.719 ; gain = 100.371
---------------------------------------------------------------------------------
INFO: [Synth 8-638] synthesizing module 'Rom' [f:/Vivado labs/lab5/lab5.srcs/sources_1/ip/Rom_1/synth/Rom.vhd:66]
	Parameter C_FAMILY bound to: artix7 - type: string 
	Parameter C_ADDR_WIDTH bound to: 11 - type: integer 
	Parameter C_DEFAULT_DATA bound to: 0 - type: string 
	Parameter C_DEPTH bound to: 2048 - type: integer 
	Parameter C_HAS_CLK bound to: 0 - type: integer 
	Parameter C_HAS_D bound to: 0 - type: integer 
	Parameter C_HAS_DPO bound to: 0 - type: integer 
	Parameter C_HAS_DPRA bound to: 0 - type: integer 
	Parameter C_HAS_I_CE bound to: 0 - type: integer 
	Parameter C_HAS_QDPO bound to: 0 - type: integer 
	Parameter C_HAS_QDPO_CE bound to: 0 - type: integer 
	Parameter C_HAS_QDPO_CLK bound to: 0 - type: integer 
	Parameter C_HAS_QDPO_RST bound to: 0 - type: integer 
	Parameter C_HAS_QDPO_SRST bound to: 0 - type: integer 
	Parameter C_HAS_QSPO bound to: 0 - type: integer 
	Parameter C_HAS_QSPO_CE bound to: 0 - type: integer 
	Parameter C_HAS_QSPO_RST bound to: 0 - type: integer 
	Parameter C_HAS_QSPO_SRST bound to: 0 - type: integer 
	Parameter C_HAS_SPO bound to: 1 - type: integer 
	Parameter C_HAS_WE bound to: 0 - type: integer 
	Parameter C_MEM_INIT_FILE bound to: Rom.mif - type: string 
	Parameter C_ELABORATION_DIR bound to: ./ - type: string 
	Parameter C_MEM_TYPE bound to: 0 - type: integer 
	Parameter C_PIPELINE_STAGES bound to: 0 - type: integer 
	Parameter C_QCE_JOINED bound to: 0 - type: integer 
	Parameter C_QUALIFY_WE bound to: 0 - type: integer 
	Parameter C_READ_MIF bound to: 1 - type: integer 
	Parameter C_REG_A_D_INPUTS bound to: 0 - type: integer 
	Parameter C_REG_DPRA_INPUT bound to: 0 - type: integer 
	Parameter C_SYNC_ENABLE bound to: 1 - type: integer 
	Parameter C_WIDTH bound to: 8 - type: integer 
	Parameter C_PARSER_TYPE bound to: 1 - type: integer 
INFO: [Synth 8-3491] module 'dist_mem_gen_v8_0_12' declared at 'f:/Vivado labs/lab5/lab5.srcs/sources_1/ip/Rom_1/hdl/dist_mem_gen_v8_0_vhsyn_rfs.vhd:3237' bound to instance 'U0' of component 'dist_mem_gen_v8_0_12' [f:/Vivado labs/lab5/lab5.srcs/sources_1/ip/Rom_1/synth/Rom.vhd:132]
INFO: [Synth 8-256] done synthesizing module 'Rom' (4#1) [f:/Vivado labs/lab5/lab5.srcs/sources_1/ip/Rom_1/synth/Rom.vhd:66]
WARNING: [Synth 8-3331] design dist_mem_gen_v8_0_12_rom has unconnected port qspo[7]
WARNING: [Synth 8-3331] design dist_mem_gen_v8_0_12_rom has unconnected port qspo[6]
WARNING: [Synth 8-3331] design dist_mem_gen_v8_0_12_rom has unconnected port qspo[5]
WARNING: [Synth 8-3331] design dist_mem_gen_v8_0_12_rom has unconnected port qspo[4]
WARNING: [Synth 8-3331] design dist_mem_gen_v8_0_12_rom has unconnected port qspo[3]
WARNING: [Synth 8-3331] design dist_mem_gen_v8_0_12_rom has unconnected port qspo[2]
WARNING: [Synth 8-3331] design dist_mem_gen_v8_0_12_rom has unconnected port qspo[1]
WARNING: [Synth 8-3331] design dist_mem_gen_v8_0_12_rom has unconnected port qspo[0]
WARNING: [Synth 8-3331] design dist_mem_gen_v8_0_12_rom has unconnected port clk
WARNING: [Synth 8-3331] design dist_mem_gen_v8_0_12_rom has unconnected port qspo_ce
WARNING: [Synth 8-3331] design dist_mem_gen_v8_0_12_rom has unconnected port qspo_rst
WARNING: [Synth 8-3331] design dist_mem_gen_v8_0_12_rom has unconnected port qspo_srst
WARNING: [Synth 8-3331] design dist_mem_gen_v8_0_12_synth has unconnected port dpo[7]
WARNING: [Synth 8-3331] design dist_mem_gen_v8_0_12_synth has unconnected port dpo[6]
WARNING: [Synth 8-3331] design dist_mem_gen_v8_0_12_synth has unconnected port dpo[5]
WARNING: [Synth 8-3331] design dist_mem_gen_v8_0_12_synth has unconnected port dpo[4]
WARNING: [Synth 8-3331] design dist_mem_gen_v8_0_12_synth has unconnected port dpo[3]
WARNING: [Synth 8-3331] design dist_mem_gen_v8_0_12_synth has unconnected port dpo[2]
WARNING: [Synth 8-3331] design dist_mem_gen_v8_0_12_synth has unconnected port dpo[1]
WARNING: [Synth 8-3331] design dist_mem_gen_v8_0_12_synth has unconnected port dpo[0]
WARNING: [Synth 8-3331] design dist_mem_gen_v8_0_12_synth has unconnected port qdpo[7]
WARNING: [Synth 8-3331] design dist_mem_gen_v8_0_12_synth has unconnected port qdpo[6]
WARNING: [Synth 8-3331] design dist_mem_gen_v8_0_12_synth has unconnected port qdpo[5]
WARNING: [Synth 8-3331] design dist_mem_gen_v8_0_12_synth has unconnected port qdpo[4]
WARNING: [Synth 8-3331] design dist_mem_gen_v8_0_12_synth has unconnected port qdpo[3]
WARNING: [Synth 8-3331] design dist_mem_gen_v8_0_12_synth has unconnected port qdpo[2]
WARNING: [Synth 8-3331] design dist_mem_gen_v8_0_12_synth has unconnected port qdpo[1]
WARNING: [Synth 8-3331] design dist_mem_gen_v8_0_12_synth has unconnected port qdpo[0]
WARNING: [Synth 8-3331] design dist_mem_gen_v8_0_12_synth has unconnected port d[7]
WARNING: [Synth 8-3331] design dist_mem_gen_v8_0_12_synth has unconnected port d[6]
WARNING: [Synth 8-3331] design dist_mem_gen_v8_0_12_synth has unconnected port d[5]
WARNING: [Synth 8-3331] design dist_mem_gen_v8_0_12_synth has unconnected port d[4]
WARNING: [Synth 8-3331] design dist_mem_gen_v8_0_12_synth has unconnected port d[3]
WARNING: [Synth 8-3331] design dist_mem_gen_v8_0_12_synth has unconnected port d[2]
WARNING: [Synth 8-3331] design dist_mem_gen_v8_0_12_synth has unconnected port d[1]
WARNING: [Synth 8-3331] design dist_mem_gen_v8_0_12_synth has unconnected port d[0]
WARNING: [Synth 8-3331] design dist_mem_gen_v8_0_12_synth has unconnected port dpra[10]
WARNING: [Synth 8-3331] design dist_mem_gen_v8_0_12_synth has unconnected port dpra[9]
WARNING: [Synth 8-3331] design dist_mem_gen_v8_0_12_synth has unconnected port dpra[8]
WARNING: [Synth 8-3331] design dist_mem_gen_v8_0_12_synth has unconnected port dpra[7]
WARNING: [Synth 8-3331] design dist_mem_gen_v8_0_12_synth has unconnected port dpra[6]
WARNING: [Synth 8-3331] design dist_mem_gen_v8_0_12_synth has unconnected port dpra[5]
WARNING: [Synth 8-3331] design dist_mem_gen_v8_0_12_synth has unconnected port dpra[4]
WARNING: [Synth 8-3331] design dist_mem_gen_v8_0_12_synth has unconnected port dpra[3]
WARNING: [Synth 8-3331] design dist_mem_gen_v8_0_12_synth has unconnected port dpra[2]
WARNING: [Synth 8-3331] design dist_mem_gen_v8_0_12_synth has unconnected port dpra[1]
WARNING: [Synth 8-3331] design dist_mem_gen_v8_0_12_synth has unconnected port dpra[0]
WARNING: [Synth 8-3331] design dist_mem_gen_v8_0_12_synth has unconnected port we
WARNING: [Synth 8-3331] design dist_mem_gen_v8_0_12_synth has unconnected port i_ce
WARNING: [Synth 8-3331] design dist_mem_gen_v8_0_12_synth has unconnected port qdpo_ce
WARNING: [Synth 8-3331] design dist_mem_gen_v8_0_12_synth has unconnected port qdpo_clk
WARNING: [Synth 8-3331] design dist_mem_gen_v8_0_12_synth has unconnected port qdpo_rst
WARNING: [Synth 8-3331] design dist_mem_gen_v8_0_12_synth has unconnected port qdpo_srst
WARNING: [Synth 8-3331] design dist_mem_gen_v8_0_12 has unconnected port d[7]
WARNING: [Synth 8-3331] design dist_mem_gen_v8_0_12 has unconnected port d[6]
WARNING: [Synth 8-3331] design dist_mem_gen_v8_0_12 has unconnected port d[5]
WARNING: [Synth 8-3331] design dist_mem_gen_v8_0_12 has unconnected port d[4]
WARNING: [Synth 8-3331] design dist_mem_gen_v8_0_12 has unconnected port d[3]
WARNING: [Synth 8-3331] design dist_mem_gen_v8_0_12 has unconnected port d[2]
WARNING: [Synth 8-3331] design dist_mem_gen_v8_0_12 has unconnected port d[1]
WARNING: [Synth 8-3331] design dist_mem_gen_v8_0_12 has unconnected port d[0]
WARNING: [Synth 8-3331] design dist_mem_gen_v8_0_12 has unconnected port dpra[10]
WARNING: [Synth 8-3331] design dist_mem_gen_v8_0_12 has unconnected port dpra[9]
WARNING: [Synth 8-3331] design dist_mem_gen_v8_0_12 has unconnected port dpra[8]
WARNING: [Synth 8-3331] design dist_mem_gen_v8_0_12 has unconnected port dpra[7]
WARNING: [Synth 8-3331] design dist_mem_gen_v8_0_12 has unconnected port dpra[6]
WARNING: [Synth 8-3331] design dist_mem_gen_v8_0_12 has unconnected port dpra[5]
WARNING: [Synth 8-3331] design dist_mem_gen_v8_0_12 has unconnected port dpra[4]
WARNING: [Synth 8-3331] design dist_mem_gen_v8_0_12 has unconnected port dpra[3]
WARNING: [Synth 8-3331] design dist_mem_gen_v8_0_12 has unconnected port dpra[2]
WARNING: [Synth 8-3331] design dist_mem_gen_v8_0_12 has unconnected port dpra[1]
WARNING: [Synth 8-3331] design dist_mem_gen_v8_0_12 has unconnected port dpra[0]
WARNING: [Synth 8-3331] design dist_mem_gen_v8_0_12 has unconnected port clk
WARNING: [Synth 8-3331] design dist_mem_gen_v8_0_12 has unconnected port we
WARNING: [Synth 8-3331] design dist_mem_gen_v8_0_12 has unconnected port i_ce
WARNING: [Synth 8-3331] design dist_mem_gen_v8_0_12 has unconnected port qspo_ce
WARNING: [Synth 8-3331] design dist_mem_gen_v8_0_12 has unconnected port qdpo_ce
WARNING: [Synth 8-3331] design dist_mem_gen_v8_0_12 has unconnected port qdpo_clk
WARNING: [Synth 8-3331] design dist_mem_gen_v8_0_12 has unconnected port qspo_rst
WARNING: [Synth 8-3331] design dist_mem_gen_v8_0_12 has unconnected port qdpo_rst
WARNING: [Synth 8-3331] design dist_mem_gen_v8_0_12 has unconnected port qspo_srst
WARNING: [Synth 8-3331] design dist_mem_gen_v8_0_12 has unconnected port qdpo_srst
---------------------------------------------------------------------------------
Finished RTL Elaboration : Time (s): cpu = 00:00:11 ; elapsed = 00:00:13 . Memory (MB): peak = 516.113 ; gain = 170.766
---------------------------------------------------------------------------------

Report Check Netlist: 
+------+------------------+-------+---------+-------+------------------+
|      |Item              |Errors |Warnings |Status |Description       |
+------+------------------+-------+---------+-------+------------------+
|1     |multi_driven_nets |      0|        0|Passed |Multi driven nets |
+------+------------------+-------+---------+-------+------------------+
---------------------------------------------------------------------------------
Start Handling Custom Attributes
---------------------------------------------------------------------------------
---------------------------------------------------------------------------------
Finished Handling Custom Attributes : Time (s): cpu = 00:00:11 ; elapsed = 00:00:13 . Memory (MB): peak = 516.113 ; gain = 170.766
---------------------------------------------------------------------------------
---------------------------------------------------------------------------------
Finished RTL Optimization Phase 1 : Time (s): cpu = 00:00:11 ; elapsed = 00:00:13 . Memory (MB): peak = 516.113 ; gain = 170.766
---------------------------------------------------------------------------------
INFO: [Device 21-403] Loading part xc7a100tcsg324-3
INFO: [Project 1-570] Preparing netlist for logic optimization

Processing XDC Constraints
Initializing timing engine
Parsing XDC File [f:/Vivado labs/lab5/lab5.srcs/sources_1/ip/Rom_1/Rom_ooc.xdc] for cell 'U0'
Finished Parsing XDC File [f:/Vivado labs/lab5/lab5.srcs/sources_1/ip/Rom_1/Rom_ooc.xdc] for cell 'U0'
Parsing XDC File [F:/Vivado labs/lab5/lab5.runs/Rom_synth_1/dont_touch.xdc]
Finished Parsing XDC File [F:/Vivado labs/lab5/lab5.runs/Rom_synth_1/dont_touch.xdc]
Completed Processing XDC Constraints

INFO: [Project 1-111] Unisim Transformation Summary:
No Unisim elements were transformed.

Constraint Validation Runtime : Time (s): cpu = 00:00:00 ; elapsed = 00:00:00.016 . Memory (MB): peak = 764.980 ; gain = 1.512
---------------------------------------------------------------------------------
Finished Constraint Validation : Time (s): cpu = 00:00:21 ; elapsed = 00:00:25 . Memory (MB): peak = 764.980 ; gain = 419.633
---------------------------------------------------------------------------------
---------------------------------------------------------------------------------
Start Loading Part and Timing Information
---------------------------------------------------------------------------------
Loading part: xc7a100tcsg324-3
---------------------------------------------------------------------------------
Finished Loading Part and Timing Information : Time (s): cpu = 00:00:21 ; elapsed = 00:00:25 . Memory (MB): peak = 764.980 ; gain = 419.633
---------------------------------------------------------------------------------
---------------------------------------------------------------------------------
Start Applying 'set_property' XDC Constraints
---------------------------------------------------------------------------------
Applied set_property DONT_TOUCH = true for U0. (constraint file  {F:/Vivado labs/lab5/lab5.runs/Rom_synth_1/dont_touch.xdc}, line 9).
---------------------------------------------------------------------------------
Finished applying 'set_property' XDC Constraints : Time (s): cpu = 00:00:21 ; elapsed = 00:00:25 . Memory (MB): peak = 764.980 ; gain = 419.633
---------------------------------------------------------------------------------
---------------------------------------------------------------------------------
Finished RTL Optimization Phase 2 : Time (s): cpu = 00:00:22 ; elapsed = 00:00:26 . Memory (MB): peak = 764.980 ; gain = 419.633
---------------------------------------------------------------------------------

Report RTL Partitions: 
+-+--------------+------------+----------+
| |RTL Partition |Replication |Instances |
+-+--------------+------------+----------+
+-+--------------+------------+----------+
---------------------------------------------------------------------------------
Start RTL Component Statistics 
---------------------------------------------------------------------------------
Detailed RTL Component Info : 
---------------------------------------------------------------------------------
Finished RTL Component Statistics 
---------------------------------------------------------------------------------
---------------------------------------------------------------------------------
Start RTL Hierarchical Component Statistics 
---------------------------------------------------------------------------------
Hierarchical RTL Component report 
---------------------------------------------------------------------------------
Finished RTL Hierarchical Component Statistics
---------------------------------------------------------------------------------
---------------------------------------------------------------------------------
Start Part Resource Summary
---------------------------------------------------------------------------------
Part Resources:
DSPs: 240 (col length:80)
BRAMs: 270 (col length: RAMB18 80 RAMB36 40)
---------------------------------------------------------------------------------
Finished Part Resource Summary
---------------------------------------------------------------------------------
---------------------------------------------------------------------------------
Start Cross Boundary and Area Optimization
---------------------------------------------------------------------------------
Warning: Parallel synthesis criteria is not met 
WARNING: [Synth 8-3331] design dist_mem_gen_v8_0_12 has unconnected port dpo[7]
WARNING: [Synth 8-3331] design dist_mem_gen_v8_0_12 has unconnected port dpo[6]
WARNING: [Synth 8-3331] design dist_mem_gen_v8_0_12 has unconnected port dpo[5]
WARNING: [Synth 8-3331] design dist_mem_gen_v8_0_12 has unconnected port dpo[4]
WARNING: [Synth 8-3331] design dist_mem_gen_v8_0_12 has unconnected port dpo[3]
WARNING: [Synth 8-3331] design dist_mem_gen_v8_0_12 has unconnected port dpo[2]
WARNING: [Synth 8-3331] design dist_mem_gen_v8_0_12 has unconnected port dpo[1]
WARNING: [Synth 8-3331] design dist_mem_gen_v8_0_12 has unconnected port dpo[0]
WARNING: [Synth 8-3331] design dist_mem_gen_v8_0_12 has unconnected port qspo[7]
WARNING: [Synth 8-3331] design dist_mem_gen_v8_0_12 has unconnected port qspo[6]
WARNING: [Synth 8-3331] design dist_mem_gen_v8_0_12 has unconnected port qspo[5]
WARNING: [Synth 8-3331] design dist_mem_gen_v8_0_12 has unconnected port qspo[4]
WARNING: [Synth 8-3331] design dist_mem_gen_v8_0_12 has unconnected port qspo[3]
WARNING: [Synth 8-3331] design dist_mem_gen_v8_0_12 has unconnected port qspo[2]
WARNING: [Synth 8-3331] design dist_mem_gen_v8_0_12 has unconnected port qspo[1]
WARNING: [Synth 8-3331] design dist_mem_gen_v8_0_12 has unconnected port qspo[0]
WARNING: [Synth 8-3331] design dist_mem_gen_v8_0_12 has unconnected port qdpo[7]
WARNING: [Synth 8-3331] design dist_mem_gen_v8_0_12 has unconnected port qdpo[6]
INFO: [Common 17-14] Message 'Synth 8-3331' appears 100 times and further instances of the messages will be disabled. Use the Tcl command set_msg_config to change the current settings.
---------------------------------------------------------------------------------
Finished Cross Boundary and Area Optimization : Time (s): cpu = 00:00:22 ; elapsed = 00:00:27 . Memory (MB): peak = 764.980 ; gain = 419.633
---------------------------------------------------------------------------------
---------------------------------------------------------------------------------
Start ROM, RAM, DSP and Shift Register Reporting
---------------------------------------------------------------------------------

ROM:
+-------------------------+--------------------------------------------------------+---------------+----------------+
|Module Name              | RTL Object                                             | Depth x Width | Implemented As | 
+-------------------------+--------------------------------------------------------+---------------+----------------+
|dist_mem_gen_v8_0_12_rom | rom[2047]                                              | 2048x8        | LUT            | 
|dist_mem_gen_v8_0_12     | synth_options.dist_mem_inst/gen_rom.rom_inst/rom[2047] | 2048x8        | LUT            | 
+-------------------------+--------------------------------------------------------+---------------+----------------+

---------------------------------------------------------------------------------
Finished ROM, RAM, DSP and Shift Register Reporting
---------------------------------------------------------------------------------

Report RTL Partitions: 
+-+--------------+------------+----------+
| |RTL Partition |Replication |Instances |
+-+--------------+------------+----------+
+-+--------------+------------+----------+
---------------------------------------------------------------------------------
Start Applying XDC Timing Constraints
---------------------------------------------------------------------------------
---------------------------------------------------------------------------------
Finished Applying XDC Timing Constraints : Time (s): cpu = 00:00:29 ; elapsed = 00:00:35 . Memory (MB): peak = 831.461 ; gain = 486.113
---------------------------------------------------------------------------------
---------------------------------------------------------------------------------
Start Timing Optimization
---------------------------------------------------------------------------------
---------------------------------------------------------------------------------
Finished Timing Optimization : Time (s): cpu = 00:00:29 ; elapsed = 00:00:35 . Memory (MB): peak = 831.461 ; gain = 486.113
---------------------------------------------------------------------------------

Report RTL Partitions: 
+-+--------------+------------+----------+
| |RTL Partition |Replication |Instances |
+-+--------------+------------+----------+
+-+--------------+------------+----------+
---------------------------------------------------------------------------------
Start Technology Mapping
---------------------------------------------------------------------------------
---------------------------------------------------------------------------------
Finished Technology Mapping : Time (s): cpu = 00:00:29 ; elapsed = 00:00:35 . Memory (MB): peak = 831.969 ; gain = 486.621
---------------------------------------------------------------------------------

Report RTL Partitions: 
+-+--------------+------------+----------+
| |RTL Partition |Replication |Instances |
+-+--------------+------------+----------+
+-+--------------+------------+----------+
---------------------------------------------------------------------------------
Start IO Insertion
---------------------------------------------------------------------------------
---------------------------------------------------------------------------------
Start Flattening Before IO Insertion
---------------------------------------------------------------------------------
---------------------------------------------------------------------------------
Finished Flattening Before IO Insertion
---------------------------------------------------------------------------------
---------------------------------------------------------------------------------
Start Final Netlist Cleanup
---------------------------------------------------------------------------------
---------------------------------------------------------------------------------
Finished Final Netlist Cleanup
---------------------------------------------------------------------------------
---------------------------------------------------------------------------------
Finished IO Insertion : Time (s): cpu = 00:00:30 ; elapsed = 00:00:36 . Memory (MB): peak = 833.098 ; gain = 487.750
---------------------------------------------------------------------------------

Report Check Netlist: 
+------+------------------+-------+---------+-------+------------------+
|      |Item              |Errors |Warnings |Status |Description       |
+------+------------------+-------+---------+-------+------------------+
|1     |multi_driven_nets |      0|        0|Passed |Multi driven nets |
+------+------------------+-------+---------+-------+------------------+
---------------------------------------------------------------------------------
Start Renaming Generated Instances
---------------------------------------------------------------------------------
---------------------------------------------------------------------------------
Finished Renaming Generated Instances : Time (s): cpu = 00:00:30 ; elapsed = 00:00:36 . Memory (MB): peak = 833.098 ; gain = 487.750
---------------------------------------------------------------------------------

Report RTL Partitions: 
+-+--------------+------------+----------+
| |RTL Partition |Replication |Instances |
+-+--------------+------------+----------+
+-+--------------+------------+----------+
---------------------------------------------------------------------------------
Start Rebuilding User Hierarchy
---------------------------------------------------------------------------------
---------------------------------------------------------------------------------
Finished Rebuilding User Hierarchy : Time (s): cpu = 00:00:30 ; elapsed = 00:00:36 . Memory (MB): peak = 833.098 ; gain = 487.750
---------------------------------------------------------------------------------
---------------------------------------------------------------------------------
Start Renaming Generated Ports
---------------------------------------------------------------------------------
---------------------------------------------------------------------------------
Finished Renaming Generated Ports : Time (s): cpu = 00:00:30 ; elapsed = 00:00:36 . Memory (MB): peak = 833.098 ; gain = 487.750
---------------------------------------------------------------------------------
---------------------------------------------------------------------------------
Start Handling Custom Attributes
---------------------------------------------------------------------------------
---------------------------------------------------------------------------------
Finished Handling Custom Attributes : Time (s): cpu = 00:00:30 ; elapsed = 00:00:36 . Memory (MB): peak = 833.098 ; gain = 487.750
---------------------------------------------------------------------------------
---------------------------------------------------------------------------------
Start Renaming Generated Nets
---------------------------------------------------------------------------------
---------------------------------------------------------------------------------
Finished Renaming Generated Nets : Time (s): cpu = 00:00:30 ; elapsed = 00:00:36 . Memory (MB): peak = 833.098 ; gain = 487.750
---------------------------------------------------------------------------------
---------------------------------------------------------------------------------
Start Writing Synthesis Report
---------------------------------------------------------------------------------

Report BlackBoxes: 
+-+--------------+----------+
| |BlackBox name |Instances |
+-+--------------+----------+
+-+--------------+----------+

Report Cell Usage: 
+------+-----+------+
|      |Cell |Count |
+------+-----+------+
|1     |LUT4 |     1|
|2     |LUT6 |     9|
+------+-----+------+

Report Instance Areas: 
+------+----------------------------------+---------------------------+------+
|      |Instance                          |Module                     |Cells |
+------+----------------------------------+---------------------------+------+
|1     |top                               |                           |    10|
|2     |  U0                              |dist_mem_gen_v8_0_12       |    10|
|3     |    \synth_options.dist_mem_inst  |dist_mem_gen_v8_0_12_synth |    10|
|4     |      \gen_rom.rom_inst           |dist_mem_gen_v8_0_12_rom   |    10|
+------+----------------------------------+---------------------------+------+
---------------------------------------------------------------------------------
Finished Writing Synthesis Report : Time (s): cpu = 00:00:30 ; elapsed = 00:00:36 . Memory (MB): peak = 833.098 ; gain = 487.750
---------------------------------------------------------------------------------
Synthesis finished with 0 errors, 0 critical warnings and 53 warnings.
Synthesis Optimization Runtime : Time (s): cpu = 00:00:13 ; elapsed = 00:00:29 . Memory (MB): peak = 833.102 ; gain = 238.887
Synthesis Optimization Complete : Time (s): cpu = 00:00:30 ; elapsed = 00:00:36 . Memory (MB): peak = 833.102 ; gain = 487.754
INFO: [Project 1-571] Translating synthesized netlist
INFO: [Project 1-570] Preparing netlist for logic optimization
INFO: [Opt 31-138] Pushed 0 inverter(s) to 0 load pin(s).
INFO: [Project 1-111] Unisim Transformation Summary:
No Unisim elements were transformed.

INFO: [Common 17-83] Releasing license: Synthesis
13 Infos, 100 Warnings, 0 Critical Warnings and 0 Errors encountered.
synth_design completed successfully
synth_design: Time (s): cpu = 00:00:31 ; elapsed = 00:00:38 . Memory (MB): peak = 854.051 ; gain = 520.230
INFO: [Common 17-1381] The checkpoint 'F:/Vivado labs/lab5/lab5.runs/Rom_synth_1/Rom.dcp' has been generated.
